<?xml version="1.0" encoding="UTF-8"?>
<testsuite name="array.ArrayTest" tests="3" skipped="0" failures="0" errors="0" timestamp="2025-02-13T18:56:56" hostname="fedora" time="0.052">
  <properties/>
  <testcase name="getElement()" classname="array.ArrayTest" time="0.037"/>
  <testcase name="rmElement()" classname="array.ArrayTest" time="0.003"/>
  <testcase name="setElement()" classname="array.ArrayTest" time="0.005"/>
  <system-out><![CDATA[]]></system-out>
  <system-err><![CDATA[]]></system-err>
</testsuite>
